{"/Users/romainchahine/Documents/dev/ecole/jenkins-front/src/assets/user_icon.png": {"path":"/Users/romainchahine/Documents/dev/ecole/jenkins-front/src/assets/user_icon.png","statementMap":{"0":{"start":{"line":1,"column":0},"end":{"line":1,"column":19}}},"fnMap":{},"branchMap":{},"s":{"0":2},"f":{},"b":{},"_coverageSchema":"43e27e138ebf9cfc5966b082cf9a028302ed4184","hash":"570e7ba14d0c8d9d17d6875295343b9b334b7b70"}
,"/Users/romainchahine/Documents/dev/ecole/jenkins-front/src/components/Dashboard.vue": {"path":"/Users/romainchahine/Documents/dev/ecole/jenkins-front/src/components/Dashboard.vue","statementMap":{"0":{"start":{"line":13,"column":0},"end":{"line":13,"column":null}},"1":{"start":{"line":14,"column":0},"end":{"line":14,"column":null}},"2":{"start":{"line":15,"column":0},"end":{"line":15,"column":null}},"3":{"start":{"line":17,"column":15},"end":{"line":17,"column":null}},"4":{"start":{"line":21,"column":4},"end":{"line":21,"column":11}},"5":{"start":{"line":28,"column":6},"end":{"line":28,"column":12}},"6":{"start":{"line":33,"column":10},"end":{"line":33,"column":15}},"7":{"start":{"line":39,"column":21},"end":{"line":39,"column":26}},"8":{"start":{"line":43,"column":4},"end":{"line":43,"column":9}}},"fnMap":{"0":{"name":"(anonymous_0)","decl":{"start":{"line":20,"column":8},"end":{"line":20,"column":20}},"loc":{"start":{"line":20,"column":20},"end":{"line":25,"column":null}}},"1":{"name":"(anonymous_1)","decl":{"start":{"line":27,"column":4},"end":{"line":27,"column":10}},"loc":{"start":{"line":27,"column":18},"end":{"line":40,"column":null}}},"2":{"name":"(anonymous_2)","decl":{"start":{"line":32,"column":14},"end":{"line":32,"column":15}},"loc":{"start":{"line":32,"column":28},"end":{"line":38,"column":null}}},"3":{"name":"(anonymous_3)","decl":{"start":{"line":39,"column":15},"end":{"line":39,"column":21}},"loc":{"start":{"line":39,"column":21},"end":{"line":39,"column":26}}},"4":{"name":"(anonymous_4)","decl":{"start":{"line":42,"column":2},"end":{"line":42,"column":9}},"loc":{"start":{"line":42,"column":12},"end":{"line":44,"column":null}}}},"branchMap":{},"s":{"0":1,"1":1,"2":1,"3":1,"4":2,"5":2,"6":0,"7":0,"8":2},"f":{"0":2,"1":2,"2":0,"3":0,"4":2},"b":{}}
,"/Users/romainchahine/Documents/dev/ecole/jenkins-front/src/components/DashboardAdmin.vue": {"path":"/Users/romainchahine/Documents/dev/ecole/jenkins-front/src/components/DashboardAdmin.vue","statementMap":{"0":{"start":{"line":71,"column":0},"end":{"line":71,"column":null}},"1":{"start":{"line":74,"column":15},"end":{"line":74,"column":null}},"2":{"start":{"line":77,"column":4},"end":{"line":77,"column":11}},"3":{"start":{"line":91,"column":8},"end":{"line":91,"column":14}},"4":{"start":{"line":99,"column":16},"end":{"line":103,"column":null}},"5":{"start":{"line":100,"column":20},"end":{"line":100,"column":25}},"6":{"start":{"line":102,"column":20},"end":{"line":102,"column":25}},"7":{"start":{"line":105,"column":25},"end":{"line":105,"column":null}},"8":{"start":{"line":112,"column":8},"end":{"line":112,"column":14}},"9":{"start":{"line":117,"column":16},"end":{"line":126,"column":null}},"10":{"start":{"line":118,"column":20},"end":{"line":118,"column":25}},"11":{"start":{"line":119,"column":32},"end":{"line":119,"column":36}},"12":{"start":{"line":120,"column":32},"end":{"line":120,"column":36}},"13":{"start":{"line":121,"column":31},"end":{"line":121,"column":null}},"14":{"start":{"line":123,"column":20},"end":{"line":123,"column":25}},"15":{"start":{"line":125,"column":20},"end":{"line":125,"column":25}},"16":{"start":{"line":128,"column":25},"end":{"line":128,"column":null}},"17":{"start":{"line":132,"column":8},"end":{"line":132,"column":14}},"18":{"start":{"line":134,"column":16},"end":{"line":139,"column":null}},"19":{"start":{"line":135,"column":20},"end":{"line":135,"column":25}},"20":{"start":{"line":136,"column":20},"end":{"line":136,"column":25}},"21":{"start":{"line":138,"column":20},"end":{"line":138,"column":25}},"22":{"start":{"line":148,"column":6},"end":{"line":148,"column":12}},"23":{"start":{"line":148,"column":81},"end":{"line":148,"column":null}},"24":{"start":{"line":153,"column":6},"end":{"line":153,"column":11}}},"fnMap":{"0":{"name":"(anonymous_0)","decl":{"start":{"line":76,"column":8},"end":{"line":76,"column":19}},"loc":{"start":{"line":76,"column":19},"end":{"line":84,"column":null}}},"1":{"name":"(anonymous_1)","decl":{"start":{"line":89,"column":4},"end":{"line":89,"column":10}},"loc":{"start":{"line":89,"column":23},"end":{"line":106,"column":null}}},"2":{"name":"(anonymous_2)","decl":{"start":{"line":98,"column":18},"end":{"line":98,"column":19}},"loc":{"start":{"line":98,"column":30},"end":{"line":104,"column":null}}},"3":{"name":"(anonymous_3)","decl":{"start":{"line":105,"column":19},"end":{"line":105,"column":25}},"loc":{"start":{"line":105,"column":25},"end":{"line":105,"column":null}}},"4":{"name":"(anonymous_4)","decl":{"start":{"line":111,"column":4},"end":{"line":111,"column":10}},"loc":{"start":{"line":111,"column":25},"end":{"line":129,"column":null}}},"5":{"name":"(anonymous_5)","decl":{"start":{"line":116,"column":18},"end":{"line":116,"column":19}},"loc":{"start":{"line":116,"column":30},"end":{"line":127,"column":null}}},"6":{"name":"(anonymous_6)","decl":{"start":{"line":128,"column":19},"end":{"line":128,"column":25}},"loc":{"start":{"line":128,"column":25},"end":{"line":128,"column":null}}},"7":{"name":"(anonymous_7)","decl":{"start":{"line":131,"column":4},"end":{"line":131,"column":10}},"loc":{"start":{"line":131,"column":34},"end":{"line":142,"column":null}}},"8":{"name":"(anonymous_8)","decl":{"start":{"line":133,"column":18},"end":{"line":133,"column":19}},"loc":{"start":{"line":133,"column":30},"end":{"line":140,"column":null}}},"9":{"name":"(anonymous_9)","decl":{"start":{"line":147,"column":4},"end":{"line":147,"column":10}},"loc":{"start":{"line":147,"column":22},"end":{"line":149,"column":null}}},"10":{"name":"(anonymous_10)","decl":{"start":{"line":148,"column":69},"end":{"line":148,"column":70}},"loc":{"start":{"line":148,"column":81},"end":{"line":148,"column":null}}},"11":{"name":"(anonymous_11)","decl":{"start":{"line":152,"column":2},"end":{"line":152,"column":9}},"loc":{"start":{"line":152,"column":12},"end":{"line":154,"column":null}}}},"branchMap":{"0":{"loc":{"start":{"line":99,"column":16},"end":{"line":103,"column":null}},"type":"if","locations":[{"start":{"line":99,"column":16},"end":{"line":103,"column":null}},{"start":{"line":99,"column":16},"end":{"line":103,"column":null}}]},"1":{"loc":{"start":{"line":117,"column":16},"end":{"line":126,"column":null}},"type":"if","locations":[{"start":{"line":117,"column":16},"end":{"line":126,"column":null}},{"start":{"line":117,"column":16},"end":{"line":126,"column":null}}]},"2":{"loc":{"start":{"line":134,"column":16},"end":{"line":139,"column":null}},"type":"if","locations":[{"start":{"line":134,"column":16},"end":{"line":139,"column":null}},{"start":{"line":134,"column":16},"end":{"line":139,"column":null}}]}},"s":{"0":2,"1":2,"2":1,"3":0,"4":0,"5":0,"6":0,"7":0,"8":0,"9":0,"10":0,"11":0,"12":0,"13":0,"14":0,"15":0,"16":0,"17":0,"18":0,"19":0,"20":0,"21":0,"22":1,"23":0,"24":1},"f":{"0":1,"1":0,"2":0,"3":0,"4":0,"5":0,"6":0,"7":0,"8":0,"9":1,"10":0,"11":1},"b":{"0":[0,0],"1":[0,0],"2":[0,0]}}
,"/Users/romainchahine/Documents/dev/ecole/jenkins-front/src/components/DashboardUser.vue": {"path":"/Users/romainchahine/Documents/dev/ecole/jenkins-front/src/components/DashboardUser.vue","statementMap":{"0":{"start":{"line":25,"column":0},"end":{"line":25,"column":null}},"1":{"start":{"line":27,"column":15},"end":{"line":27,"column":null}},"2":{"start":{"line":30,"column":4},"end":{"line":30,"column":11}},"3":{"start":{"line":38,"column":6},"end":{"line":38,"column":12}},"4":{"start":{"line":38,"column":155},"end":{"line":38,"column":null}},"5":{"start":{"line":42,"column":20},"end":{"line":42,"column":25}},"6":{"start":{"line":44,"column":6},"end":{"line":44,"column":14}},"7":{"start":{"line":49,"column":6},"end":{"line":80,"column":null}},"8":{"start":{"line":50,"column":8},"end":{"line":50,"column":14}},"9":{"start":{"line":52,"column":14},"end":{"line":61,"column":null}},"10":{"start":{"line":53,"column":18},"end":{"line":53,"column":23}},"11":{"start":{"line":54,"column":20},"end":{"line":57,"column":null}},"12":{"start":{"line":55,"column":22},"end":{"line":55,"column":23}},"13":{"start":{"line":56,"column":22},"end":{"line":56,"column":23}},"14":{"start":{"line":60,"column":18},"end":{"line":60,"column":23}},"15":{"start":{"line":65,"column":8},"end":{"line":65,"column":14}},"16":{"start":{"line":67,"column":14},"end":{"line":77,"column":null}},"17":{"start":{"line":68,"column":16},"end":{"line":68,"column":21}},"18":{"start":{"line":69,"column":18},"end":{"line":72,"column":null}},"19":{"start":{"line":70,"column":20},"end":{"line":70,"column":21}},"20":{"start":{"line":71,"column":20},"end":{"line":71,"column":21}},"21":{"start":{"line":76,"column":16},"end":{"line":76,"column":21}},"22":{"start":{"line":85,"column":4},"end":{"line":85,"column":9}}},"fnMap":{"0":{"name":"(anonymous_0)","decl":{"start":{"line":29,"column":8},"end":{"line":29,"column":19}},"loc":{"start":{"line":29,"column":19},"end":{"line":34,"column":null}}},"1":{"name":"(anonymous_1)","decl":{"start":{"line":37,"column":4},"end":{"line":37,"column":10}},"loc":{"start":{"line":37,"column":22},"end":{"line":39,"column":null}}},"2":{"name":"(anonymous_2)","decl":{"start":{"line":38,"column":141},"end":{"line":38,"column":142}},"loc":{"start":{"line":38,"column":155},"end":{"line":38,"column":null}}},"3":{"name":"(anonymous_3)","decl":{"start":{"line":41,"column":4},"end":{"line":41,"column":18}},"loc":{"start":{"line":41,"column":26},"end":{"line":45,"column":null}}},"4":{"name":"(anonymous_4)","decl":{"start":{"line":47,"column":4},"end":{"line":47,"column":10}},"loc":{"start":{"line":47,"column":36},"end":{"line":81,"column":null}}},"5":{"name":"(anonymous_5)","decl":{"start":{"line":51,"column":16},"end":{"line":51,"column":17}},"loc":{"start":{"line":51,"column":28},"end":{"line":62,"column":null}}},"6":{"name":"(anonymous_6)","decl":{"start":{"line":53,"column":40},"end":{"line":53,"column":46}},"loc":{"start":{"line":53,"column":46},"end":{"line":58,"column":null}}},"7":{"name":"(anonymous_7)","decl":{"start":{"line":66,"column":16},"end":{"line":66,"column":17}},"loc":{"start":{"line":66,"column":28},"end":{"line":78,"column":null}}},"8":{"name":"(anonymous_8)","decl":{"start":{"line":68,"column":38},"end":{"line":68,"column":44}},"loc":{"start":{"line":68,"column":44},"end":{"line":73,"column":null}}},"9":{"name":"(anonymous_9)","decl":{"start":{"line":84,"column":2},"end":{"line":84,"column":9}},"loc":{"start":{"line":84,"column":12},"end":{"line":86,"column":null}}}},"branchMap":{"0":{"loc":{"start":{"line":47,"column":29},"end":{"line":47,"column":36}},"type":"default-arg","locations":[{"start":{"line":47,"column":29},"end":{"line":47,"column":36}}]},"1":{"loc":{"start":{"line":49,"column":6},"end":{"line":80,"column":null}},"type":"if","locations":[{"start":{"line":49,"column":6},"end":{"line":80,"column":null}},{"start":{"line":49,"column":6},"end":{"line":80,"column":null}}]},"2":{"loc":{"start":{"line":52,"column":14},"end":{"line":61,"column":null}},"type":"if","locations":[{"start":{"line":52,"column":14},"end":{"line":61,"column":null}},{"start":{"line":52,"column":14},"end":{"line":61,"column":null}}]},"3":{"loc":{"start":{"line":54,"column":20},"end":{"line":57,"column":null}},"type":"if","locations":[{"start":{"line":54,"column":20},"end":{"line":57,"column":null}},{"start":{"line":54,"column":20},"end":{"line":57,"column":null}}]},"4":{"loc":{"start":{"line":67,"column":14},"end":{"line":77,"column":null}},"type":"if","locations":[{"start":{"line":67,"column":14},"end":{"line":77,"column":null}},{"start":{"line":67,"column":14},"end":{"line":77,"column":null}}]},"5":{"loc":{"start":{"line":69,"column":18},"end":{"line":72,"column":null}},"type":"if","locations":[{"start":{"line":69,"column":18},"end":{"line":72,"column":null}},{"start":{"line":69,"column":18},"end":{"line":72,"column":null}}]}},"s":{"0":3,"1":3,"2":1,"3":1,"4":0,"5":3,"6":3,"7":0,"8":0,"9":0,"10":0,"11":0,"12":0,"13":0,"14":0,"15":0,"16":0,"17":0,"18":0,"19":0,"20":0,"21":0,"22":1},"f":{"0":1,"1":1,"2":0,"3":3,"4":0,"5":0,"6":0,"7":0,"8":0,"9":1},"b":{"0":[0],"1":[0,0],"2":[0,0],"3":[0,0],"4":[0,0],"5":[0,0]}}
,"/Users/romainchahine/Documents/dev/ecole/jenkins-front/src/components/Home.vue": {"path":"/Users/romainchahine/Documents/dev/ecole/jenkins-front/src/components/Home.vue","statementMap":{"0":{"start":{"line":19,"column":0},"end":{"line":19,"column":null}},"1":{"start":{"line":21,"column":15},"end":{"line":21,"column":null}},"2":{"start":{"line":24,"column":4},"end":{"line":24,"column":11}},"3":{"start":{"line":32,"column":6},"end":{"line":32,"column":12}},"4":{"start":{"line":32,"column":83},"end":{"line":32,"column":null}},"5":{"start":{"line":36,"column":20},"end":{"line":36,"column":25}},"6":{"start":{"line":38,"column":6},"end":{"line":38,"column":14}},"7":{"start":{"line":43,"column":4},"end":{"line":43,"column":9}}},"fnMap":{"0":{"name":"(anonymous_0)","decl":{"start":{"line":23,"column":8},"end":{"line":23,"column":19}},"loc":{"start":{"line":23,"column":19},"end":{"line":28,"column":null}}},"1":{"name":"(anonymous_1)","decl":{"start":{"line":31,"column":4},"end":{"line":31,"column":10}},"loc":{"start":{"line":31,"column":22},"end":{"line":33,"column":null}}},"2":{"name":"(anonymous_2)","decl":{"start":{"line":32,"column":69},"end":{"line":32,"column":70}},"loc":{"start":{"line":32,"column":83},"end":{"line":32,"column":null}}},"3":{"name":"(anonymous_3)","decl":{"start":{"line":35,"column":4},"end":{"line":35,"column":18}},"loc":{"start":{"line":35,"column":26},"end":{"line":39,"column":null}}},"4":{"name":"(anonymous_4)","decl":{"start":{"line":42,"column":2},"end":{"line":42,"column":9}},"loc":{"start":{"line":42,"column":12},"end":{"line":44,"column":null}}}},"branchMap":{},"s":{"0":2,"1":2,"2":1,"3":1,"4":0,"5":3,"6":3,"7":1},"f":{"0":1,"1":1,"2":0,"3":3,"4":1},"b":{}}
}
