TN:
SF:/Users/romainchahine/Documents/dev/ecole/jenkins-front/src/assets/user_icon.png
FNF:0
FNH:0
DA:1,2
LF:1
LH:1
BRF:0
BRH:0
end_of_record
TN:
SF:/Users/romainchahine/Documents/dev/ecole/jenkins-front/src/components/Dashboard.vue
FN:20,(anonymous_0)
FN:27,(anonymous_1)
FN:32,(anonymous_2)
FN:39,(anonymous_3)
FN:42,(anonymous_4)
FNF:5
FNH:3
FNDA:2,(anonymous_0)
FNDA:2,(anonymous_1)
FNDA:0,(anonymous_2)
FNDA:0,(anonymous_3)
FNDA:2,(anonymous_4)
DA:13,1
DA:14,1
DA:15,1
DA:17,1
DA:21,2
DA:28,2
DA:33,0
DA:39,0
DA:43,2
LF:9
LH:7
BRF:0
BRH:0
end_of_record
TN:
SF:/Users/romainchahine/Documents/dev/ecole/jenkins-front/src/components/DashboardAdmin.vue
FN:76,(anonymous_0)
FN:89,(anonymous_1)
FN:98,(anonymous_2)
FN:105,(anonymous_3)
FN:111,(anonymous_4)
FN:116,(anonymous_5)
FN:128,(anonymous_6)
FN:131,(anonymous_7)
FN:133,(anonymous_8)
FN:147,(anonymous_9)
FN:148,(anonymous_10)
FN:152,(anonymous_11)
FNF:12
FNH:3
FNDA:1,(anonymous_0)
FNDA:0,(anonymous_1)
FNDA:0,(anonymous_2)
FNDA:0,(anonymous_3)
FNDA:0,(anonymous_4)
FNDA:0,(anonymous_5)
FNDA:0,(anonymous_6)
FNDA:0,(anonymous_7)
FNDA:0,(anonymous_8)
FNDA:1,(anonymous_9)
FNDA:0,(anonymous_10)
FNDA:1,(anonymous_11)
DA:71,2
DA:74,2
DA:77,1
DA:91,0
DA:99,0
DA:100,0
DA:102,0
DA:105,0
DA:112,0
DA:117,0
DA:118,0
DA:119,0
DA:120,0
DA:121,0
DA:123,0
DA:125,0
DA:128,0
DA:132,0
DA:134,0
DA:135,0
DA:136,0
DA:138,0
DA:148,1
DA:153,1
LF:24
LH:5
BRDA:99,0,0,0
BRDA:99,0,1,0
BRDA:117,1,0,0
BRDA:117,1,1,0
BRDA:134,2,0,0
BRDA:134,2,1,0
BRF:6
BRH:0
end_of_record
TN:
SF:/Users/romainchahine/Documents/dev/ecole/jenkins-front/src/components/DashboardUser.vue
FN:29,(anonymous_0)
FN:37,(anonymous_1)
FN:38,(anonymous_2)
FN:41,(anonymous_3)
FN:47,(anonymous_4)
FN:51,(anonymous_5)
FN:53,(anonymous_6)
FN:66,(anonymous_7)
FN:68,(anonymous_8)
FN:84,(anonymous_9)
FNF:10
FNH:4
FNDA:1,(anonymous_0)
FNDA:1,(anonymous_1)
FNDA:0,(anonymous_2)
FNDA:3,(anonymous_3)
FNDA:0,(anonymous_4)
FNDA:0,(anonymous_5)
FNDA:0,(anonymous_6)
FNDA:0,(anonymous_7)
FNDA:0,(anonymous_8)
FNDA:1,(anonymous_9)
DA:25,3
DA:27,3
DA:30,1
DA:38,1
DA:42,3
DA:44,3
DA:49,0
DA:50,0
DA:52,0
DA:53,0
DA:54,0
DA:55,0
DA:56,0
DA:60,0
DA:65,0
DA:67,0
DA:68,0
DA:69,0
DA:70,0
DA:71,0
DA:76,0
DA:85,1
LF:22
LH:7
BRDA:47,0,0,0
BRDA:49,1,0,0
BRDA:49,1,1,0
BRDA:52,2,0,0
BRDA:52,2,1,0
BRDA:54,3,0,0
BRDA:54,3,1,0
BRDA:67,4,0,0
BRDA:67,4,1,0
BRDA:69,5,0,0
BRDA:69,5,1,0
BRF:11
BRH:0
end_of_record
TN:
SF:/Users/romainchahine/Documents/dev/ecole/jenkins-front/src/components/Home.vue
FN:23,(anonymous_0)
FN:31,(anonymous_1)
FN:32,(anonymous_2)
FN:35,(anonymous_3)
FN:42,(anonymous_4)
FNF:5
FNH:4
FNDA:1,(anonymous_0)
FNDA:1,(anonymous_1)
FNDA:0,(anonymous_2)
FNDA:3,(anonymous_3)
FNDA:1,(anonymous_4)
DA:19,2
DA:21,2
DA:24,1
DA:32,1
DA:36,3
DA:38,3
DA:43,1
LF:7
LH:7
BRF:0
BRH:0
end_of_record
